#
# There is insufficient memory for the Java Runtime Environment to continue.
# Native memory allocation (mmap) failed to map 132120576 bytes for G1 virtual space
# Possible reasons:
#   The system is out of physical RAM or swap space
#   The process is running with CompressedOops enabled, and the Java Heap may be blocking the growth of the native heap
# Possible solutions:
#   Reduce memory load on the system
#   Increase physical memory or swap space
#   Check if swap backing store is full
#   Decrease Java heap size (-Xmx/-Xms)
#   Decrease number of Java threads
#   Decrease Java thread stack sizes (-Xss)
#   Set larger code cache with -XX:ReservedCodeCacheSize=
#   JVM is running with Unscaled Compressed Oops mode in which the Java heap is
#     placed in the first 4GB address space. The Java Heap base address is the
#     maximum limit for the native heap growth. Please use -XX:HeapBaseMinAddress
#     to set the Java Heap base and to place the Java Heap above 4GB virtual address.
# This output file may be truncated or incomplete.
#
#  Out of Memory Error (os_windows.cpp:3760), pid=15056, tid=7460
#
# JRE version:  (17.0.5+1) (build )
# Java VM: OpenJDK 64-Bit Server VM (17.0.5+1-b653.25, mixed mode, sharing, tiered, compressed oops, compressed class ptrs, g1 gc, windows-amd64)
# No core dump will be written. Minidumps are not enabled by default on client versions of Windows
#

---------------  S U M M A R Y ------------

Command Line: git4idea.http.GitAskPassApp Username for 'https://github.com': 

Host: Intel(R) Core(TM) i5-7200U CPU @ 2.50GHz, 4 cores, 7G,  Windows 10 , 64 bit Build 19041 (10.0.19041.2546)
Time: Wed Mar  1 17:05:57 2023 Tokyo Standard Time elapsed time: 0.017111 seconds (0d 0h 0m 0s)

---------------  T H R E A D  ---------------

Current thread (0x000001f4e817ff90):  JavaThread "Unknown thread" [_thread_in_vm, id=7460, stack(0x0000005c4eb00000,0x0000005c4ec00000)]

Stack: [0x0000005c4eb00000,0x0000005c4ec00000]
Native frames: (J=compiled Java code, j=interpreted, Vv=VM code, C=native code)
V  [jvm.dll+0x6830ca]
V  [jvm.dll+0x83f4c4]
V  [jvm.dll+0x840c6e]
V  [jvm.dll+0x8412d3]
V  [jvm.dll+0x2490b5]
V  [jvm.dll+0x67ff99]
V  [jvm.dll+0x6744aa]
V  [jvm.dll+0x308f2b]
V  [jvm.dll+0x3103e6]
V  [jvm.dll+0x36013e]
V  [jvm.dll+0x36036f]
V  [jvm.dll+0x2df018]
V  [jvm.dll+0x2dff84]
V  [jvm.dll+0x810d91]
V  [jvm.dll+0x36df31]
V  [jvm.dll+0x7f028c]
V  [jvm.dll+0x3f0cbf]
V  [jvm.dll+0x3f2801]
C  [jli.dll+0x526b]
C  [ucrtbase.dll+0x21bb2]
C  [KERNEL32.DLL+0x17614]
C  [ntdll.dll+0x526a1]


---------------  P R O C E S S  ---------------

Threads class SMR info:
_java_thread_list=0x00007ffb06218f98, length=0, elements={
}

Java Threads: ( => current thread )

Other Threads:
  0x000001f4e81d8170 GCTaskThread "GC Thread#0" [stack: 0x0000005c4ec00000,0x0000005c4ed00000] [id=12332]
  0x000001f4e81e8bb0 ConcurrentGCThread "G1 Main Marker" [stack: 0x0000005c4ed00000,0x0000005c4ee00000] [id=5460]
  0x000001f4e81e9d60 ConcurrentGCThread "G1 Conc#0" [stack: 0x0000005c4ee00000,0x0000005c4ef00000] [id=4756]

[error occurred during error reporting (printing all threads), id 0xc0000005, EXCEPTION_ACCESS_VIOLATION (0xc0000005) at pc=0x00007ffb059cfbd7]

VM state: not at safepoint (not fully initialized)

VM Mutex/Monitor currently owned by a thread:  ([mutex/lock_event])
[0x000001f4e817ec00] Heap_lock - owner thread: 0x000001f4e817ff90

Heap address: 0x0000000082800000, size: 2008 MB, Compressed Oops mode: 32-bit

CDS archive(s) mapped at: [0x0000000000000000-0x0000000000000000-0x0000000000000000), size 0, SharedBaseAddress: 0x0000000800000000, ArchiveRelocationMode: 0.
Narrow klass base: 0x0000000000000000, Narrow klass shift: 0, Narrow klass range: 0x0

GC Precious Log:
<Empty>

Heap:
 garbage-first heap   total 0K, used 0K [0x0000000082800000, 0x0000000100000000)
  region size 1024K, 0 young (0K), 0 survivors (0K)

[error occurred during error reporting (printing heap information), id 0xc0000005, EXCEPTION_ACCESS_VIOLATION (0xc0000005) at pc=0x00007ffb05dbcd59]

GC Heap History (0 events):
No events

Dll operation events (1 events):
Event: 0.009 Loaded shared library C:\Program Files\JetBrains\WebStorm 2022.3.2\jbr\bin\java.dll

Deoptimization events (0 events):
No events

Classes unloaded (0 events):
No events

Classes redefined (0 events):
No events

Internal exceptions (0 events):
No events

VM Operations (0 events):
No events

Events (0 events):
No events


Dynamic libraries:
0x00007ff6e2350000 - 0x00007ff6e235a000 	C:\Program Files\JetBrains\WebStorm 2022.3.2\jbr\bin\java.exe
0x00007ffb5e0d0000 - 0x00007ffb5e2c8000 	C:\WINDOWS\SYSTEM32\ntdll.dll
0x00007ffb5c1c0000 - 0x00007ffb5c27f000 	C:\WINDOWS\System32\KERNEL32.DLL
0x00007ffb5bdc0000 - 0x00007ffb5c092000 	C:\WINDOWS\System32\KERNELBASE.dll
0x00007ffb5b7c0000 - 0x00007ffb5b8c0000 	C:\WINDOWS\System32\ucrtbase.dll
0x00007ffb4c180000 - 0x00007ffb4c197000 	C:\Program Files\JetBrains\WebStorm 2022.3.2\jbr\bin\jli.dll
0x00007ffb4f9a0000 - 0x00007ffb4f9bb000 	C:\Program Files\JetBrains\WebStorm 2022.3.2\jbr\bin\VCRUNTIME140.dll
0x00007ffb5dee0000 - 0x00007ffb5e081000 	C:\WINDOWS\System32\USER32.dll
0x00007ffb4a380000 - 0x00007ffb4a61a000 	C:\WINDOWS\WinSxS\amd64_microsoft.windows.common-controls_6595b64144ccf1df_6.0.19041.1110_none_60b5254171f9507e\COMCTL32.dll
0x00007ffb5b9a0000 - 0x00007ffb5b9c2000 	C:\WINDOWS\System32\win32u.dll
0x00007ffb5d440000 - 0x00007ffb5d4de000 	C:\WINDOWS\System32\msvcrt.dll
0x00007ffb5d2f0000 - 0x00007ffb5d31b000 	C:\WINDOWS\System32\GDI32.dll
0x00007ffb5b9d0000 - 0x00007ffb5badf000 	C:\WINDOWS\System32\gdi32full.dll
0x00007ffb5bd20000 - 0x00007ffb5bdbd000 	C:\WINDOWS\System32\msvcp_win.dll
0x00007ffb5c280000 - 0x00007ffb5c2b2000 	C:\WINDOWS\System32\IMM32.DLL
0x00007ffb571f0000 - 0x00007ffb571fc000 	C:\Program Files\JetBrains\WebStorm 2022.3.2\jbr\bin\vcruntime140_1.dll
0x00007ffb2f940000 - 0x00007ffb2f9cd000 	C:\Program Files\JetBrains\WebStorm 2022.3.2\jbr\bin\msvcp140.dll
0x00007ffb056e0000 - 0x00007ffb0634b000 	C:\Program Files\JetBrains\WebStorm 2022.3.2\jbr\bin\server\jvm.dll
0x00007ffb5c830000 - 0x00007ffb5c8de000 	C:\WINDOWS\System32\ADVAPI32.dll
0x00007ffb5d250000 - 0x00007ffb5d2ec000 	C:\WINDOWS\System32\sechost.dll
0x00007ffb5ca20000 - 0x00007ffb5cb45000 	C:\WINDOWS\System32\RPCRT4.dll
0x00007ffb49350000 - 0x00007ffb49377000 	C:\WINDOWS\SYSTEM32\WINMM.dll
0x00007ffb47290000 - 0x00007ffb47299000 	C:\WINDOWS\SYSTEM32\WSOCK32.dll
0x00007ffb5dc40000 - 0x00007ffb5dcab000 	C:\WINDOWS\System32\WS2_32.dll
0x00007ffb4a6a0000 - 0x00007ffb4a6aa000 	C:\WINDOWS\SYSTEM32\VERSION.dll
0x00007ffb5a010000 - 0x00007ffb5a022000 	C:\WINDOWS\SYSTEM32\kernel.appcore.dll
0x00007ffb571e0000 - 0x00007ffb571ea000 	C:\Program Files\JetBrains\WebStorm 2022.3.2\jbr\bin\jimage.dll
0x00007ffb4d4f0000 - 0x00007ffb4d6d4000 	C:\WINDOWS\SYSTEM32\DBGHELP.DLL
0x00007ffb402a0000 - 0x00007ffb402d5000 	C:\WINDOWS\SYSTEM32\dbgcore.DLL
0x00007ffb5bc90000 - 0x00007ffb5bd12000 	C:\WINDOWS\System32\bcryptPrimitives.dll
0x00007ffb55b00000 - 0x00007ffb55b25000 	C:\Program Files\JetBrains\WebStorm 2022.3.2\jbr\bin\java.dll

dbghelp: loaded successfully - version: 4.0.5 - missing functions: none
symbol engine: initialized successfully - sym options: 0x614 - pdb path: .;C:\Program Files\JetBrains\WebStorm 2022.3.2\jbr\bin;C:\WINDOWS\SYSTEM32;C:\WINDOWS\WinSxS\amd64_microsoft.windows.common-controls_6595b64144ccf1df_6.0.19041.1110_none_60b5254171f9507e;C:\Program Files\JetBrains\WebStorm 2022.3.2\jbr\bin\server

VM Arguments:
java_command: git4idea.http.GitAskPassApp Username for 'https://github.com': 
java_class_path (initial): C:/Program Files/JetBrains/WebStorm 2022.3.2/plugins/vcs-git/lib/git4idea-rt.jar;C:/Program Files/JetBrains/WebStorm 2022.3.2/lib/externalProcess-rt.jar;C:/Program Files/JetBrains/WebStorm 2022.3.2/lib/app.jar;C:/Program Files/JetBrains/WebStorm 2022.3.2/lib/3rd-party-rt.jar
Launcher Type: SUN_STANDARD

[Global flags]
     intx CICompilerCount                          = 3                                         {product} {ergonomic}
     uint ConcGCThreads                            = 1                                         {product} {ergonomic}
     uint G1ConcRefinementThreads                  = 4                                         {product} {ergonomic}
   size_t G1HeapRegionSize                         = 1048576                                   {product} {ergonomic}
    uintx GCDrainStackTargetSize                   = 64                                        {product} {ergonomic}
   size_t InitialHeapSize                          = 132120576                                 {product} {ergonomic}
   size_t MarkStackSize                            = 4194304                                   {product} {ergonomic}
   size_t MaxHeapSize                              = 2105540608                                {product} {ergonomic}
   size_t MinHeapDeltaBytes                        = 1048576                                   {product} {ergonomic}
   size_t MinHeapSize                              = 8388608                                   {product} {ergonomic}
    uintx NonNMethodCodeHeapSize                   = 5832780                                {pd product} {ergonomic}
    uintx NonProfiledCodeHeapSize                  = 122912730                              {pd product} {ergonomic}
    uintx ProfiledCodeHeapSize                     = 122912730                              {pd product} {ergonomic}
    uintx ReservedCodeCacheSize                    = 251658240                              {pd product} {ergonomic}
     bool SegmentedCodeCache                       = true                                      {product} {ergonomic}
   size_t SoftMaxHeapSize                          = 2105540608                             {manageable} {ergonomic}
     bool UseCompressedClassPointers               = true                           {product lp64_product} {ergonomic}
     bool UseCompressedOops                        = true                           {product lp64_product} {ergonomic}
     bool UseG1GC                                  = true                                      {product} {ergonomic}
     bool UseLargePagesIndividualAllocation        = false                                  {pd product} {ergonomic}

Logging:
Log output configuration:
 #0: stdout all=warning uptime,level,tags
 #1: stderr all=off uptime,level,tags

Environment Variables:
PATH=C:/Program Files/Git/mingw64/libexec/git-core;C:/Program Files/Git/mingw64/libexec/git-core;C:\Program Files\Git\mingw64\bin;C:\Program Files\Git\usr\bin;C:\Users\78405\bin;C:\Program Files\Common Files\Oracle\Java\javapath;C:\Program Files (x86)\Common Files\Oracle\Java\javapath;C:\Program Files (x86)\Razer Chroma SDK\bin;C:\Program Files\Razer Chroma SDK\bin;C:\ProgramData\Oracle\Java\javapath;C:\Program Files (x86)\Razer\ChromaBroadcast\bin;C:\Program Files\Razer\ChromaBroadcast\bin;C:\Program Files (x86)\Intel\iCLS Client\;C:\Program Files\Intel\iCLS Client\;C:\Windows\system32;C:\Windows;C:\Windows\System32\Wbem;C:\Windows\System32\WindowsPowerShell\v1.0\;C:\Program Files (x86)\Intel\Intel(R) Management Engine Components\DAL;C:\Program Files\Intel\Intel(R) Management Engine Components\DAL;C:\Program Files (x86)\Intel\Intel(R) Management Engine Components\IPT;C:\Program Files\Intel\Intel(R) Management Engine Components\IPT;C:\Program Files\Intel\WiFi\bin\;C:\Program Files\Common Files\Intel\WirelessCommon\;C:\Windows\system32\config\systemprofile\AppData\Local\Microsoft\WindowsApps;C:\WINDOWS\system32;C:\WINDOWS;C:\WINDOWS\System32\Wbem;C:\WINDOWS\System32\WindowsPowerShell\v1.0\;C:\WINDOWS\System32\OpenSSH\;C:\WINDOWS\system32\config\systemprofile\AppData\Local\Microsoft\WindowsApps;C:\TDM-GCC-64\bin;C:\Program Files\dotnet\;C:\Program Files\Git\cmd;C:\Program Files\nodejs\;C:\Users\78405\AppData\Local\Microsoft\WindowsApps;F:\Tencent\QQGameTempest\Hall.57734\;C:\Users\78405\AppData\Local\GitHubDesktop\bin;C:\Users\78405\AppData\Roaming\npm
USERNAME=78405
DISPLAY=:0.0
LC_ALL=en_US.UTF-8
TERM=xterm-256color
TMPDIR=C:\Users\78405\AppData\Local\Temp
OS=Windows_NT
PROCESSOR_IDENTIFIER=Intel64 Family 6 Model 142 Stepping 9, GenuineIntel
TMP=C:\Users\78405\AppData\Local\Temp
TEMP=C:\Users\78405\AppData\Local\Temp



---------------  S Y S T E M  ---------------

OS:
 Windows 10 , 64 bit Build 19041 (10.0.19041.2546)
OS uptime: 2 days 0:34 hours

CPU: total 4 (initial active 4) (2 cores per cpu, 2 threads per core) family 6 model 142 stepping 9 microcode 0xd6, cx8, cmov, fxsr, ht, mmx, 3dnowpref, sse, sse2, sse3, ssse3, sse4.1, sse4.2, popcnt, lzcnt, tsc, tscinvbit, avx, avx2, aes, erms, clmul, bmi1, bmi2, adx, fma, vzeroupper, clflush, clflushopt

Memory: 4k page, system-wide physical 8026M (1247M free)
TotalPageFile size 8026M (AvailPageFile size 86M)
current process WorkingSet (physical memory assigned to process): 10M, peak: 10M
current process commit charge ("private bytes"): 51M, peak: 177M

vm_info: OpenJDK 64-Bit Server VM (17.0.5+1-b653.25) for windows-amd64 JRE (17.0.5+1-b653.25), built on 2023-01-04 by "builduser" with MS VC++ 16.10 / 16.11 (VS2019)

END.
